<?xml version="1.0" encoding="UTF-8"?>
<!-- Generated by org.testng.reporters.JUnitReportReporter -->
<testsuite hostname="Reddi-Kothapalli.local" name="com.airasia.runner.SuiteRunner" tests="4" failures="0" timestamp="29 May 2020 08:22:54 GMT" time="70.556" errors="1">
  <testcase name="runScenario" time="19.199" classname="com.airasia.runner.SuiteRunner"/>
  <testcase name="runScenario" time="16.651" classname="com.airasia.runner.SuiteRunner"/>
  <testcase name="runScenario" time="17.399" classname="com.airasia.runner.SuiteRunner">
    <error type="org.openqa.selenium.ElementClickInterceptedException" message="element click intercepted: Element &lt;a href=&quot;https://www.amazon.in/gp/cart/view.html?ref_=nav_cart&quot; aria-label=&quot;2 items in cart&quot; class=&quot;nav-a nav-a-2&quot; id=&quot;nav-cart&quot; tabindex=&quot;17&quot;&gt;...&lt;/a&gt; is not clickable at point (1326, 31). Other element would receive the click: &lt;span class=&quot;nav-cart-icon nav-sprite&quot;&gt;&lt;/span&gt;
  (Session info: chrome=83.0.4103.61)
Build info: version: &#039;3.141.59&#039;, revision: &#039;e82be7d358&#039;, time: &#039;2018-11-14T08:17:03&#039;
System info: host: &#039;Reddi-Kothapalli.local&#039;, ip: &#039;fe80:0:0:0:c6b:7019:84ea:a3d6%en0&#039;, os.name: &#039;Mac OS X&#039;, os.arch: &#039;x86_64&#039;, os.version: &#039;10.15.4&#039;, java.version: &#039;1.8.0_231&#039;
Driver info: org.openqa.selenium.chrome.ChromeDriver
Capabilities {acceptInsecureCerts: true, browserName: chrome, browserVersion: 83.0.4103.61, chrome: {chromedriverVersion: 83.0.4103.39 (ccbf011cb2d2b..., userDataDir: /var/folders/gm/rp8ghlv94xn...}, goog:chromeOptions: {debuggerAddress: localhost:53800}, javascriptEnabled: true, networkConnectionEnabled: false, pageLoadStrategy: normal, platform: MAC, platformName: MAC, proxy: Proxy(), setWindowRect: true, strictFileInteractability: false, timeouts: {implicit: 0, pageLoad: 300000, script: 30000}, unhandledPromptBehavior: dismiss and notify, webauthn:virtualAuthenticators: true}
Session ID: 28833f16f49c8898e0c20c7526da6dd1">
        <![CDATA[org.openqa.selenium.ElementClickInterceptedException: element click intercepted: Element <a href="https://www.amazon.in/gp/cart/view.html?ref_=nav_cart" aria-label="2 items in cart" class="nav-a nav-a-2" id="nav-cart" tabindex="17">...</a> is not clickable at point (1326, 31). Other element would receive the click: <span class="nav-cart-icon nav-sprite"></span>
  (Session info: chrome=83.0.4103.61)
Build info: version: '3.141.59', revision: 'e82be7d358', time: '2018-11-14T08:17:03'
System info: host: 'Reddi-Kothapalli.local', ip: 'fe80:0:0:0:c6b:7019:84ea:a3d6%en0', os.name: 'Mac OS X', os.arch: 'x86_64', os.version: '10.15.4', java.version: '1.8.0_231'
Driver info: org.openqa.selenium.chrome.ChromeDriver
Capabilities {acceptInsecureCerts: true, browserName: chrome, browserVersion: 83.0.4103.61, chrome: {chromedriverVersion: 83.0.4103.39 (ccbf011cb2d2b..., userDataDir: /var/folders/gm/rp8ghlv94xn...}, goog:chromeOptions: {debuggerAddress: localhost:53800}, javascriptEnabled: true, networkConnectionEnabled: false, pageLoadStrategy: normal, platform: MAC, platformName: MAC, proxy: Proxy(), setWindowRect: true, strictFileInteractability: false, timeouts: {implicit: 0, pageLoad: 300000, script: 30000}, unhandledPromptBehavior: dismiss and notify, webauthn:virtualAuthenticators: true}
Session ID: 28833f16f49c8898e0c20c7526da6dd1
	at sun.reflect.NativeConstructorAccessorImpl.newInstance0(Native Method)
	at sun.reflect.NativeConstructorAccessorImpl.newInstance(NativeConstructorAccessorImpl.java:62)
	at sun.reflect.DelegatingConstructorAccessorImpl.newInstance(DelegatingConstructorAccessorImpl.java:45)
	at java.lang.reflect.Constructor.newInstance(Constructor.java:423)
	at org.openqa.selenium.remote.http.W3CHttpResponseCodec.createException(W3CHttpResponseCodec.java:187)
	at org.openqa.selenium.remote.http.W3CHttpResponseCodec.decode(W3CHttpResponseCodec.java:122)
	at org.openqa.selenium.remote.http.W3CHttpResponseCodec.decode(W3CHttpResponseCodec.java:49)
	at org.openqa.selenium.remote.HttpCommandExecutor.execute(HttpCommandExecutor.java:158)
	at org.openqa.selenium.remote.service.DriverCommandExecutor.execute(DriverCommandExecutor.java:83)
	at org.openqa.selenium.remote.RemoteWebDriver.execute(RemoteWebDriver.java:552)
	at org.openqa.selenium.remote.RemoteWebElement.execute(RemoteWebElement.java:285)
	at org.openqa.selenium.remote.RemoteWebElement.click(RemoteWebElement.java:84)
	at sun.reflect.NativeMethodAccessorImpl.invoke0(Native Method)
	at sun.reflect.NativeMethodAccessorImpl.invoke(NativeMethodAccessorImpl.java:62)
	at sun.reflect.DelegatingMethodAccessorImpl.invoke(DelegatingMethodAccessorImpl.java:43)
	at java.lang.reflect.Method.invoke(Method.java:498)
	at org.openqa.selenium.support.pagefactory.internal.LocatingElementHandler.invoke(LocatingElementHandler.java:51)
	at com.sun.proxy.$Proxy19.click(Unknown Source)
	at com.airasia.framework.utilities.UIWrappers.clickOnElement(UIWrappers.java:21)
	at com.airasia.pages.GlobalMenuPage.clickOnCartIcon(GlobalMenuPage.java:45)
	at com.airasia.stepdefinitions.GlobalMenuStepDefinitions.user_click_on_cart_icon_menu(GlobalMenuStepDefinitions.java:21)
	at âœ½.User click on cart icon menu(file:src/test/resources/features/searchaddupdateproduct.feature:36)
]]>
    </error>
  </testcase> <!-- runScenario -->
  <testcase name="runScenario" time="17.307" classname="com.airasia.runner.SuiteRunner"/>
</testsuite> <!-- com.airasia.runner.SuiteRunner -->
